{
  "RSpec": {
    "coverage": {
      "/home/moyukh/Kreeti/Rails/FinalRailsProject/task_management_system/config/environment.rb": {
        "lines": [
          null,
          null,
          null,
          1,
          null,
          null,
          1
        ]
      },
      "/home/moyukh/Kreeti/Rails/FinalRailsProject/task_management_system/config/application.rb": {
        "lines": [
          null,
          null,
          1,
          null,
          1,
          null,
          null,
          null,
          1,
          null,
          1,
          null,
          1,
          null,
          1,
          null,
          null,
          null,
          null,
          null,
          null,
          null,
          null,
          null,
          null
        ]
      },
      "/home/moyukh/Kreeti/Rails/FinalRailsProject/task_management_system/config/boot.rb": {
        "lines": [
          null,
          null,
          1,
          null,
          1,
          1
        ]
      },
      "/home/moyukh/Kreeti/Rails/FinalRailsProject/task_management_system/config/environments/test.rb": {
        "lines": [
          null,
          null,
          1,
          null,
          null,
          null,
          null,
          null,
          null,
          1,
          null,
          null,
          1,
          1,
          null,
          null,
          null,
          null,
          1,
          null,
          null,
          1,
          1,
          null,
          null,
          null,
          null,
          1,
          1,
          1,
          null,
          null,
          1,
          null,
          null,
          1,
          null,
          null,
          1,
          null,
          1,
          null,
          null,
          null,
          null,
          1,
          null,
          null,
          1,
          null,
          null,
          1,
          null,
          null,
          1,
          null,
          null,
          null,
          null,
          null,
          null,
          1,
          null
        ]
      },
      "/home/moyukh/Kreeti/Rails/FinalRailsProject/task_management_system/config/initializers/application_controller_renderer.rb": {
        "lines": [
          null,
          null,
          null,
          null,
          null,
          null,
          null,
          null,
          null
        ]
      },
      "/home/moyukh/Kreeti/Rails/FinalRailsProject/task_management_system/config/initializers/assets.rb": {
        "lines": [
          null,
          null,
          null,
          null,
          null,
          1,
          null,
          null,
          null,
          null,
          1,
          null,
          null,
          null,
          null,
          null
        ]
      },
      "/home/moyukh/Kreeti/Rails/FinalRailsProject/task_management_system/config/initializers/backtrace_silencers.rb": {
        "lines": [
          null,
          null,
          null,
          null,
          null,
          null,
          null,
          null,
          null,
          1
        ]
      },
      "/home/moyukh/Kreeti/Rails/FinalRailsProject/task_management_system/config/initializers/content_security_policy.rb": {
        "lines": [
          null,
          null,
          null,
          null,
          null,
          null,
          null,
          null,
          null,
          null,
          null,
          null,
          null,
          null,
          null,
          null,
          null,
          null,
          null,
          null,
          null,
          null,
          null,
          null,
          null,
          null,
          null,
          null,
          null,
          null,
          null
        ]
      },
      "/home/moyukh/Kreeti/Rails/FinalRailsProject/task_management_system/config/initializers/cookies_serializer.rb": {
        "lines": [
          null,
          null,
          null,
          null,
          null,
          null,
          1
        ]
      },
      "/home/moyukh/Kreeti/Rails/FinalRailsProject/task_management_system/config/initializers/filter_parameter_logging.rb": {
        "lines": [
          null,
          null,
          null,
          null,
          null,
          1,
          null,
          null
        ]
      },
      "/home/moyukh/Kreeti/Rails/FinalRailsProject/task_management_system/config/initializers/inflections.rb": {
        "lines": [
          null,
          null,
          null,
          null,
          null,
          null,
          null,
          null,
          null,
          null,
          null,
          null,
          null,
          null,
          null,
          null,
          null
        ]
      },
      "/home/moyukh/Kreeti/Rails/FinalRailsProject/task_management_system/config/initializers/mime_types.rb": {
        "lines": [
          null,
          null,
          null,
          null,
          null
        ]
      },
      "/home/moyukh/Kreeti/Rails/FinalRailsProject/task_management_system/config/initializers/omniauth.rb": {
        "lines": [
          null,
          null,
          1,
          1,
          null,
          null,
          null,
          null,
          null,
          null
        ]
      },
      "/home/moyukh/Kreeti/Rails/FinalRailsProject/task_management_system/config/initializers/permissions_policy.rb": {
        "lines": [
          null,
          null,
          null,
          null,
          null,
          null,
          null,
          null,
          null,
          null,
          null,
          null
        ]
      },
      "/home/moyukh/Kreeti/Rails/FinalRailsProject/task_management_system/config/initializers/wrap_parameters.rb": {
        "lines": [
          null,
          null,
          null,
          null,
          null,
          null,
          null,
          null,
          1,
          2,
          null,
          null,
          null,
          null,
          null,
          null
        ]
      },
      "/home/moyukh/Kreeti/Rails/FinalRailsProject/task_management_system/spec/factories/notifications.rb": {
        "lines": [
          1,
          1,
          1,
          9,
          null,
          9,
          9,
          9,
          null,
          1,
          1,
          null,
          null,
          1,
          1,
          null,
          null,
          null
        ]
      },
      "/home/moyukh/Kreeti/Rails/FinalRailsProject/task_management_system/spec/factories/sub_tasks.rb": {
        "lines": [
          null,
          null,
          1,
          1,
          7,
          7,
          7,
          2,
          null,
          null
        ]
      },
      "/home/moyukh/Kreeti/Rails/FinalRailsProject/task_management_system/spec/factories/task_categories.rb": {
        "lines": [
          null,
          null,
          1,
          1,
          50,
          null,
          null
        ]
      },
      "/home/moyukh/Kreeti/Rails/FinalRailsProject/task_management_system/spec/factories/tasks.rb": {
        "lines": [
          null,
          null,
          1,
          1,
          37,
          47,
          41,
          47,
          47,
          43,
          47,
          28,
          1,
          1,
          1,
          null,
          null,
          null,
          null
        ]
      },
      "/home/moyukh/Kreeti/Rails/FinalRailsProject/task_management_system/spec/factories/users.rb": {
        "lines": [
          null,
          null,
          1,
          1,
          104,
          104,
          null,
          99,
          1,
          106,
          106,
          null,
          null
        ]
      },
      "/home/moyukh/Kreeti/Rails/FinalRailsProject/task_management_system/config/routes.rb": {
        "lines": [
          null,
          null,
          null,
          1,
          1,
          1,
          1,
          1,
          1,
          1,
          null,
          1,
          null,
          null,
          1,
          1,
          1,
          1,
          1,
          1,
          1,
          null,
          1,
          1,
          1,
          null,
          null,
          null,
          1,
          1,
          1,
          1,
          1,
          1,
          1,
          null,
          null,
          null,
          null,
          1,
          1,
          1,
          1,
          1,
          1,
          1,
          null,
          null,
          1,
          0,
          null,
          null,
          null
        ]
      },
      "/home/moyukh/Kreeti/Rails/FinalRailsProject/task_management_system/app/helpers/admin_helper.rb": {
        "lines": [
          null,
          null,
          null,
          1,
          null
        ]
      },
      "/home/moyukh/Kreeti/Rails/FinalRailsProject/task_management_system/app/helpers/application_helper.rb": {
        "lines": [
          null,
          null,
          null,
          1,
          1,
          1,
          1,
          1,
          1,
          null,
          null,
          1,
          2,
          null,
          null
        ]
      },
      "/home/moyukh/Kreeti/Rails/FinalRailsProject/task_management_system/app/helpers/assign_task_helper.rb": {
        "lines": [
          null,
          null,
          null,
          1,
          null
        ]
      },
      "/home/moyukh/Kreeti/Rails/FinalRailsProject/task_management_system/app/helpers/authentication_helper.rb": {
        "lines": [
          null,
          null,
          null,
          1,
          1,
          null,
          1,
          2,
          2,
          1,
          null,
          1,
          null,
          2,
          null,
          null,
          1,
          3,
          1,
          1,
          1,
          null,
          2,
          2,
          null,
          null,
          null,
          1,
          2,
          2,
          2,
          2,
          null,
          null,
          1,
          2,
          1,
          null,
          1,
          null,
          1,
          null,
          null,
          null,
          1,
          0,
          null,
          null
        ]
      },
      "/home/moyukh/Kreeti/Rails/FinalRailsProject/task_management_system/app/helpers/dashboard_helper.rb": {
        "lines": [
          null,
          null,
          null,
          1,
          1,
          1,
          null,
          null,
          1,
          1,
          null,
          null,
          1,
          1,
          null,
          null
        ]
      },
      "/home/moyukh/Kreeti/Rails/FinalRailsProject/task_management_system/app/helpers/pdfs_helper.rb": {
        "lines": [
          null,
          null,
          null,
          1,
          1,
          1,
          1,
          1,
          1,
          1,
          1,
          1,
          1,
          1,
          null,
          null,
          1,
          1,
          1,
          1,
          1,
          1,
          1,
          1,
          1,
          1,
          null,
          null,
          1,
          1,
          1,
          1,
          1,
          null,
          1,
          null,
          null,
          1,
          1,
          1,
          1,
          1,
          1,
          null,
          null,
          1,
          1,
          1,
          1,
          1,
          1,
          null,
          null,
          1,
          1,
          1,
          1,
          1,
          1,
          null,
          null,
          1,
          1,
          1,
          1,
          1,
          null,
          1,
          1,
          null,
          null,
          1,
          1,
          1,
          1,
          1,
          1,
          1,
          1,
          null,
          1,
          null,
          null,
          null,
          1,
          1,
          1,
          1,
          1,
          0,
          0,
          null,
          null,
          1,
          null,
          null,
          null,
          1,
          0,
          0,
          0,
          0,
          0,
          0,
          null,
          null,
          null
        ]
      },
      "/home/moyukh/Kreeti/Rails/FinalRailsProject/task_management_system/app/helpers/profile_helper.rb": {
        "lines": [
          null,
          null,
          null,
          1,
          null
        ]
      },
      "/home/moyukh/Kreeti/Rails/FinalRailsProject/task_management_system/app/helpers/task_category_helper.rb": {
        "lines": [
          null,
          null,
          null,
          1,
          null
        ]
      },
      "/home/moyukh/Kreeti/Rails/FinalRailsProject/task_management_system/app/helpers/tasks_helper.rb": {
        "lines": [
          null,
          null,
          null,
          1,
          1,
          2,
          null,
          null,
          1,
          2,
          null,
          null,
          null,
          null,
          null,
          null,
          null,
          1,
          0,
          0,
          null,
          null,
          null,
          1,
          1,
          1,
          1,
          1,
          null,
          null,
          null,
          1,
          1,
          1,
          1,
          1,
          1,
          null,
          1,
          null,
          null,
          1,
          2,
          2,
          null,
          null,
          1,
          2,
          2,
          2,
          0,
          null,
          2,
          null,
          null,
          null,
          1,
          2,
          2,
          null,
          null,
          1,
          0,
          null,
          null,
          1,
          2,
          null,
          null,
          1,
          2,
          2,
          null,
          2,
          null,
          0,
          null,
          0,
          null,
          null,
          null,
          1,
          0,
          0,
          0,
          null,
          null,
          1,
          3,
          null,
          1,
          1,
          1,
          null,
          null
        ]
      },
      "/home/moyukh/Kreeti/Rails/FinalRailsProject/task_management_system/app/controllers/admin_controller.rb": {
        "lines": [
          null,
          null,
          null,
          1,
          1,
          null,
          1,
          1,
          null,
          1,
          1,
          null,
          null,
          1,
          1,
          1,
          null,
          null,
          1,
          1,
          1,
          3,
          null,
          null,
          1,
          1,
          1,
          2,
          null,
          null,
          null,
          1,
          null,
          1,
          4,
          null,
          null
        ]
      },
      "/home/moyukh/Kreeti/Rails/FinalRailsProject/task_management_system/app/controllers/application_controller.rb": {
        "lines": [
          null,
          null,
          null,
          null,
          1,
          1,
          1,
          1,
          1,
          1,
          null,
          1,
          70,
          null,
          null,
          1,
          24,
          null,
          2,
          null,
          null,
          1,
          22,
          0,
          0,
          0,
          null,
          22,
          null,
          null,
          1,
          2,
          null,
          null,
          null,
          null,
          null,
          null,
          1,
          null,
          22,
          null,
          null,
          null,
          null,
          null,
          1,
          1,
          null,
          null,
          1,
          0,
          null,
          null,
          null
        ]
      },
      "/home/moyukh/Kreeti/Rails/FinalRailsProject/task_management_system/spec/controllers/application_spec.rb": {
        "lines": [
          null,
          null,
          null,
          1,
          null,
          1,
          4,
          1,
          null,
          1,
          1,
          1,
          1,
          null,
          null,
          null,
          1,
          1,
          1,
          1,
          null,
          1,
          1,
          null,
          null,
          null,
          1,
          1,
          1,
          1,
          1,
          null,
          null,
          null,
          1,
          2,
          null,
          1,
          1,
          1,
          null,
          null,
          null,
          null,
          1,
          1,
          1,
          1,
          1,
          null,
          null,
          1,
          1,
          null,
          null,
          null,
          1,
          1,
          1,
          1,
          null,
          null,
          null,
          null,
          null,
          null,
          null
        ]
      },
      "/home/moyukh/Kreeti/Rails/FinalRailsProject/task_management_system/spec/controllers/authentication_spec.rb": {
        "lines": [
          null,
          null,
          1,
          null,
          1,
          null,
          3,
          null,
          1,
          1,
          null,
          1,
          null,
          1,
          null,
          1,
          null,
          null,
          1,
          1,
          null,
          1,
          null,
          null,
          null,
          null,
          null,
          1,
          1,
          1,
          null,
          1,
          null,
          1,
          1,
          1,
          null,
          null,
          null,
          1,
          1,
          1,
          null,
          1,
          null,
          1,
          null,
          null,
          1,
          1,
          null,
          1,
          null,
          null,
          null,
          1,
          2,
          null,
          1,
          1,
          1,
          null,
          1,
          null,
          1,
          1,
          1,
          null,
          null,
          null,
          null
        ]
      },
      "/home/moyukh/Kreeti/Rails/FinalRailsProject/task_management_system/app/controllers/authentication_controller.rb": {
        "lines": [
          null,
          null,
          1,
          null,
          1,
          1,
          1,
          null,
          1,
          2,
          null,
          null,
          1,
          0,
          0,
          0,
          null,
          null,
          1,
          1,
          1,
          1,
          null,
          null,
          1,
          2,
          null,
          1,
          null,
          null,
          1,
          1,
          3,
          null,
          null,
          1,
          null,
          1,
          0,
          null,
          null
        ]
      },
      "/home/moyukh/Kreeti/Rails/FinalRailsProject/task_management_system/spec/controllers/dashboard_spec.rb": {
        "lines": [
          null,
          null,
          1,
          null,
          1,
          9,
          9,
          null,
          1,
          8,
          8,
          8,
          8,
          null,
          null,
          1,
          1,
          1,
          1,
          null,
          null,
          1,
          1,
          1,
          1,
          null,
          null,
          null,
          1,
          1,
          1,
          1,
          null,
          null,
          null,
          1,
          1,
          1,
          1,
          null,
          null,
          null,
          1,
          1,
          1,
          1,
          null,
          null,
          null,
          1,
          1,
          1,
          1,
          null,
          null,
          null,
          1,
          1,
          1,
          null,
          1,
          null,
          1,
          null,
          null,
          1,
          1,
          1,
          null,
          null,
          null,
          null,
          null,
          null
        ]
      },
      "/home/moyukh/Kreeti/Rails/FinalRailsProject/task_management_system/app/controllers/dashboard_controller.rb": {
        "lines": [
          null,
          null,
          null,
          1,
          1,
          1,
          null,
          1,
          1,
          1,
          null,
          1,
          2,
          2,
          null,
          1,
          1,
          null,
          null,
          1,
          1,
          1,
          1,
          1,
          null,
          null,
          1,
          1,
          1,
          1,
          1,
          null,
          null,
          1,
          1,
          1,
          1,
          1,
          1,
          1,
          null,
          null,
          1,
          1,
          1,
          null,
          null,
          1,
          2,
          2,
          2,
          null,
          null,
          2,
          4,
          null,
          null,
          null
        ]
      },
      "/home/moyukh/Kreeti/Rails/FinalRailsProject/task_management_system/spec/controllers/pdfs_spec.rb": {
        "lines": [
          null,
          1,
          null,
          1,
          2,
          2,
          null,
          1,
          1,
          1,
          null,
          null,
          1,
          1,
          1,
          null,
          1,
          1,
          null,
          null,
          null,
          null,
          null
        ]
      },
      "/home/moyukh/Kreeti/Rails/FinalRailsProject/task_management_system/app/controllers/pdfs_controller.rb": {
        "lines": [
          null,
          null,
          null,
          1,
          1,
          1,
          1,
          1,
          1,
          1,
          1,
          1,
          1,
          1,
          1,
          1,
          null,
          null,
          null
        ]
      },
      "/home/moyukh/Kreeti/Rails/FinalRailsProject/task_management_system/spec/controllers/profile_spec.rb": {
        "lines": [
          null,
          null,
          1,
          null,
          1,
          3,
          null,
          1,
          2,
          2,
          2,
          2,
          null,
          null,
          1,
          1,
          1,
          null,
          1,
          null,
          null,
          null,
          1,
          null,
          1,
          1,
          null,
          null,
          2,
          2,
          null,
          1,
          1,
          null,
          1,
          1,
          null,
          null,
          null,
          null,
          null,
          null
        ]
      },
      "/home/moyukh/Kreeti/Rails/FinalRailsProject/task_management_system/app/controllers/profile_controller.rb": {
        "lines": [
          null,
          null,
          null,
          1,
          1,
          1,
          null,
          1,
          1,
          1,
          1,
          1,
          null,
          null
        ]
      },
      "/home/moyukh/Kreeti/Rails/FinalRailsProject/task_management_system/spec/controllers/task_category_spec.rb": {
        "lines": [
          null,
          null,
          1,
          null,
          1,
          1,
          1,
          1,
          null,
          1,
          1,
          null,
          null,
          null,
          1,
          2,
          null,
          1,
          1,
          null,
          1,
          1,
          1,
          null,
          null,
          null,
          1,
          2,
          null,
          1,
          1,
          1,
          null,
          null,
          1,
          null,
          null,
          null,
          null,
          null,
          null
        ]
      },
      "/home/moyukh/Kreeti/Rails/FinalRailsProject/task_management_system/app/controllers/task_category_controller.rb": {
        "lines": [
          null,
          null,
          null,
          1,
          1,
          1,
          1,
          null,
          null,
          1,
          1,
          1,
          null,
          null,
          1,
          1,
          1,
          null,
          null
        ]
      },
      "/home/moyukh/Kreeti/Rails/FinalRailsProject/task_management_system/spec/controllers/tasks_spec.rb": {
        "lines": [
          null,
          null,
          null,
          1,
          null,
          1,
          null,
          22,
          4,
          3,
          1,
          1,
          2,
          null,
          null,
          1,
          null,
          2,
          null,
          null,
          null,
          null,
          null,
          null,
          null,
          null,
          null,
          null,
          null,
          null,
          1,
          1,
          2,
          null,
          null,
          null,
          1,
          1,
          1,
          1,
          null,
          1,
          1,
          null,
          null,
          null,
          null,
          null,
          1,
          1,
          2,
          null,
          3,
          null,
          1,
          1,
          1,
          1,
          null,
          null,
          null,
          1,
          1,
          1,
          1,
          1,
          null,
          null,
          null,
          null,
          1,
          null,
          1,
          2,
          null,
          null,
          3,
          1,
          1,
          1,
          null,
          null,
          1,
          1,
          1,
          1,
          null,
          null,
          null,
          1,
          1,
          2,
          null,
          null,
          3,
          3,
          1,
          1,
          1,
          null,
          null,
          1,
          1,
          1,
          null,
          null,
          null,
          1,
          1,
          2,
          null,
          null,
          3,
          1,
          1,
          1,
          null,
          null,
          1,
          1,
          1,
          null,
          null,
          null,
          1,
          1,
          2,
          null,
          3,
          1,
          1,
          1,
          null,
          null,
          1,
          1,
          1,
          1,
          1,
          1,
          null,
          null,
          null,
          1,
          1,
          2,
          null,
          3,
          1,
          1,
          1,
          null,
          null,
          1,
          1,
          1,
          null,
          null,
          null,
          1,
          1,
          2,
          null,
          3,
          3,
          null,
          1,
          1,
          1,
          null,
          null,
          1,
          1,
          1,
          null,
          null,
          null,
          1,
          null,
          1,
          2,
          null,
          2,
          null,
          1,
          1,
          1,
          null,
          null,
          1,
          1,
          1,
          1,
          1,
          null,
          null,
          null,
          1,
          1,
          3,
          null,
          3,
          2,
          1,
          1,
          1,
          null,
          null,
          1,
          1,
          1,
          null,
          null,
          1,
          1,
          1,
          null,
          null,
          null,
          null
        ]
      },
      "/home/moyukh/Kreeti/Rails/FinalRailsProject/task_management_system/app/controllers/tasks_controller.rb": {
        "lines": [
          null,
          null,
          null,
          1,
          1,
          1,
          1,
          1,
          null,
          1,
          2,
          2,
          2,
          1,
          3,
          null,
          null,
          1,
          2,
          2,
          2,
          2,
          null,
          1,
          null,
          null,
          null,
          1,
          2,
          2,
          2,
          null,
          1,
          null,
          null,
          null,
          1,
          2,
          2,
          2,
          null,
          null,
          1,
          2,
          2,
          2,
          null,
          null,
          1,
          0,
          0,
          0,
          null,
          null,
          1,
          2,
          2,
          6,
          null,
          null,
          1,
          2,
          2,
          4,
          null,
          null,
          null,
          1,
          2,
          null,
          2,
          6,
          null,
          null,
          1,
          2,
          2,
          null,
          6,
          null,
          null,
          1,
          3,
          3,
          9,
          null,
          null,
          1,
          null,
          1,
          14,
          null,
          null,
          null,
          1,
          2,
          null,
          null,
          1,
          4,
          null,
          null
        ]
      },
      "/home/moyukh/Kreeti/Rails/FinalRailsProject/task_management_system/spec/helpers/authentication_helper_spec.rb": {
        "lines": [
          null,
          null,
          null,
          null,
          1,
          null,
          1,
          5,
          null,
          1,
          1,
          1,
          1,
          null,
          1,
          1,
          1,
          null,
          1,
          null,
          null,
          1,
          1,
          null,
          1,
          1,
          null,
          1,
          null,
          null,
          null,
          1,
          1,
          1,
          null,
          1,
          1,
          1,
          null,
          1,
          null,
          null,
          1,
          1,
          1,
          1,
          null,
          null,
          null,
          1,
          1,
          1,
          1,
          1,
          1,
          null,
          null,
          1,
          1,
          1,
          null,
          1,
          1,
          null,
          1,
          1,
          null,
          null,
          null,
          1,
          1,
          1,
          1,
          1,
          1,
          1,
          1,
          null,
          1,
          1,
          1,
          1,
          null,
          null,
          null,
          null,
          null,
          null,
          null
        ]
      },
      "/home/moyukh/Kreeti/Rails/FinalRailsProject/task_management_system/spec/jobs/application_job_spec.rb": {
        "lines": [
          null,
          null,
          null,
          1,
          null,
          1,
          5,
          1,
          3,
          3,
          3,
          3,
          null,
          1,
          2,
          null,
          null,
          1,
          1,
          1,
          null,
          null,
          null,
          1,
          3,
          3,
          null,
          1,
          2,
          null,
          null,
          1,
          1,
          1,
          null,
          null,
          null,
          null,
          null,
          null
        ]
      },
      "/home/moyukh/Kreeti/Rails/FinalRailsProject/task_management_system/app/jobs/application_job.rb": {
        "lines": [
          null,
          null,
          null,
          1,
          1,
          6,
          6,
          6,
          null,
          null,
          1,
          4,
          4,
          4,
          null,
          null
        ]
      },
      "/home/moyukh/Kreeti/Rails/FinalRailsProject/task_management_system/spec/jobs/schedule_reminder_before_one_week_job_spec.rb": {
        "lines": [
          null,
          null,
          1,
          null,
          1,
          1,
          3,
          null,
          1,
          1,
          null,
          2,
          null,
          null,
          1,
          1,
          null,
          2,
          null,
          null,
          null,
          null,
          null,
          null
        ]
      },
      "/home/moyukh/Kreeti/Rails/FinalRailsProject/task_management_system/app/jobs/schedule_reminder_before_one_week_job.rb": {
        "lines": [
          null,
          null,
          null,
          1,
          1,
          null,
          1,
          2,
          2,
          1,
          null,
          null,
          null
        ]
      },
      "/home/moyukh/Kreeti/Rails/FinalRailsProject/task_management_system/spec/jobs/scheduling_reminder_notification_job_spec.rb": {
        "lines": [
          null,
          null,
          null,
          null,
          1,
          null,
          1,
          1,
          2,
          null,
          null,
          null,
          1,
          1,
          1,
          2,
          null,
          1,
          1,
          1,
          2,
          null,
          null,
          null,
          null,
          null
        ]
      },
      "/home/moyukh/Kreeti/Rails/FinalRailsProject/task_management_system/app/jobs/scheduling_reminder_notification_job.rb": {
        "lines": [
          null,
          null,
          null,
          1,
          1,
          null,
          1,
          2,
          2,
          1,
          null,
          null,
          null
        ]
      },
      "/home/moyukh/Kreeti/Rails/FinalRailsProject/task_management_system/spec/jobs/task_approval_notification_job_spec.rb": {
        "lines": [
          null,
          null,
          null,
          null,
          1,
          null,
          1,
          4,
          4,
          4,
          null,
          1,
          2,
          null,
          null,
          null,
          null,
          1,
          1,
          2,
          null,
          null,
          null,
          1,
          1,
          1,
          1,
          2,
          null,
          null,
          null,
          null,
          null,
          null
        ]
      },
      "/home/moyukh/Kreeti/Rails/FinalRailsProject/task_management_system/app/jobs/task_approval_notification_job.rb": {
        "lines": [
          null,
          null,
          null,
          1,
          1,
          null,
          1,
          2,
          2,
          2,
          2,
          null,
          null,
          null
        ]
      },
      "/home/moyukh/Kreeti/Rails/FinalRailsProject/task_management_system/spec/jobs/task_send_to_hr_department_job_spec.rb": {
        "lines": [
          null,
          null,
          null,
          null,
          1,
          null,
          1,
          4,
          4,
          4,
          1,
          2,
          null,
          null,
          null,
          null,
          1,
          1,
          2,
          null,
          null,
          null,
          1,
          1,
          1,
          1,
          2,
          null,
          null,
          null,
          null,
          null
        ]
      },
      "/home/moyukh/Kreeti/Rails/FinalRailsProject/task_management_system/app/jobs/task_send_to_hr_department_job.rb": {
        "lines": [
          null,
          null,
          null,
          1,
          1,
          null,
          1,
          2,
          2,
          2,
          2,
          null,
          null,
          null
        ]
      },
      "/home/moyukh/Kreeti/Rails/FinalRailsProject/task_management_system/spec/mailers/task_mailer_spec.rb": {
        "lines": [
          null,
          null,
          null,
          1,
          null,
          1,
          7,
          5,
          null,
          1,
          3,
          null,
          1,
          1,
          1,
          1,
          null,
          null,
          1,
          1,
          1,
          null,
          null,
          null,
          1,
          3,
          null,
          1,
          1,
          1,
          1,
          null,
          null,
          1,
          1,
          1,
          null,
          null,
          null,
          1,
          3,
          null,
          1,
          1,
          1,
          1,
          null,
          null,
          1,
          1,
          1,
          null,
          null,
          null,
          null
        ]
      },
      "/home/moyukh/Kreeti/Rails/FinalRailsProject/task_management_system/app/mailers/task_mailer.rb": {
        "lines": [
          null,
          null,
          null,
          1,
          1,
          1,
          2,
          2,
          2,
          2,
          null,
          null,
          1,
          4,
          4,
          4,
          null,
          null,
          1,
          4,
          4,
          null,
          null
        ]
      },
      "/home/moyukh/Kreeti/Rails/FinalRailsProject/task_management_system/app/mailers/application_mailer.rb": {
        "lines": [
          null,
          null,
          null,
          1,
          1,
          1,
          null
        ]
      },
      "/home/moyukh/Kreeti/Rails/FinalRailsProject/task_management_system/spec/mailers/welcome_mailer_spec.rb": {
        "lines": [
          null,
          null,
          null,
          null,
          1,
          null,
          1,
          1,
          3,
          3,
          null,
          1,
          1,
          1,
          1,
          null,
          null,
          1,
          1,
          null,
          null,
          null,
          null,
          null,
          null
        ]
      },
      "/home/moyukh/Kreeti/Rails/FinalRailsProject/task_management_system/app/mailers/welcome_mailer.rb": {
        "lines": [
          null,
          null,
          null,
          1,
          1,
          null,
          1,
          2,
          2,
          null,
          null
        ]
      },
      "/home/moyukh/Kreeti/Rails/FinalRailsProject/task_management_system/spec/models/sub_task_spec.rb": {
        "lines": [
          null,
          null,
          1,
          null,
          1,
          1,
          1,
          1,
          1,
          null,
          null,
          null,
          1,
          1,
          1,
          1,
          null,
          null,
          null
        ]
      },
      "/home/moyukh/Kreeti/Rails/FinalRailsProject/task_management_system/app/models/sub_task.rb": {
        "lines": [
          null,
          null,
          null,
          1,
          1,
          1,
          null,
          3,
          3,
          null,
          1,
          null,
          1,
          5,
          5,
          null,
          null,
          1,
          7,
          null,
          2,
          null,
          null
        ]
      },
      "/home/moyukh/Kreeti/Rails/FinalRailsProject/task_management_system/app/models/application_record.rb": {
        "lines": [
          null,
          null,
          null,
          1,
          1,
          null,
          1,
          null,
          null,
          null,
          null,
          null
        ]
      },
      "/home/moyukh/Kreeti/Rails/FinalRailsProject/task_management_system/spec/models/task_category_spec.rb": {
        "lines": [
          null,
          null,
          1,
          null,
          1,
          1,
          1,
          1,
          1,
          null,
          null,
          1,
          1,
          1,
          1,
          null,
          null,
          null,
          1,
          1,
          1,
          1,
          null,
          null,
          null
        ]
      },
      "/home/moyukh/Kreeti/Rails/FinalRailsProject/task_management_system/app/models/task_category.rb": {
        "lines": [
          null,
          null,
          null,
          1,
          1,
          1,
          null,
          72,
          null,
          2,
          null
        ]
      },
      "/home/moyukh/Kreeti/Rails/FinalRailsProject/task_management_system/spec/models/task_spec.rb": {
        "lines": [
          null,
          null,
          1,
          null,
          1,
          1,
          1,
          1,
          1,
          null,
          null,
          1,
          1,
          1,
          1,
          null,
          null,
          1,
          1,
          1,
          1,
          null,
          null,
          1,
          1,
          1,
          1,
          null,
          null,
          1,
          1,
          1,
          1,
          null,
          null,
          1,
          1,
          1,
          1,
          null,
          null,
          1,
          1,
          1,
          1,
          null,
          null,
          1,
          1,
          1,
          1,
          null,
          null,
          null,
          1,
          1,
          1,
          1,
          null,
          null,
          1,
          1,
          1,
          null,
          null,
          1,
          1,
          1,
          null,
          null,
          null,
          1,
          1,
          1,
          1,
          null,
          null,
          1,
          1,
          1,
          null,
          null,
          null,
          null
        ]
      },
      "/home/moyukh/Kreeti/Rails/FinalRailsProject/task_management_system/app/models/task.rb": {
        "lines": [
          null,
          null,
          null,
          1,
          1,
          1,
          null,
          1,
          null,
          null,
          null,
          null,
          null,
          1,
          1,
          null,
          1,
          1,
          null,
          1,
          null,
          1,
          1,
          1,
          1,
          1,
          1,
          1,
          null,
          96,
          6,
          1,
          1,
          null,
          null,
          null,
          1,
          1,
          null,
          null,
          null,
          3,
          3,
          3,
          3,
          2,
          2,
          null,
          1,
          1,
          1,
          null,
          null,
          1,
          1,
          1,
          1,
          1,
          1,
          1,
          null,
          null,
          null,
          1,
          null,
          48,
          null,
          null,
          null,
          null,
          null,
          null,
          null,
          1,
          4,
          2,
          null,
          null,
          null,
          null,
          null,
          null,
          2,
          null,
          null,
          1,
          null,
          1,
          null,
          1,
          null,
          null,
          null,
          null,
          null,
          null,
          null,
          null,
          1,
          38,
          38,
          38,
          null,
          null
        ]
      },
      "/home/moyukh/Kreeti/Rails/FinalRailsProject/task_management_system/spec/models/user_spec.rb": {
        "lines": [
          null,
          null,
          null,
          null,
          1,
          null,
          1,
          1,
          1,
          1,
          1,
          1,
          null,
          null,
          1,
          1,
          1,
          1,
          null,
          null,
          1,
          1,
          1,
          1,
          null,
          null,
          null,
          1,
          1,
          1,
          1,
          1,
          1,
          null,
          null,
          1,
          1,
          1,
          1,
          null,
          null,
          1,
          1,
          1,
          1,
          null,
          null,
          null,
          1,
          1,
          1,
          1,
          1,
          null,
          null,
          null,
          1,
          1,
          1,
          1,
          1,
          null,
          null,
          null,
          null
        ]
      },
      "/home/moyukh/Kreeti/Rails/FinalRailsProject/task_management_system/app/models/user.rb": {
        "lines": [
          null,
          null,
          1,
          null,
          1,
          1,
          1,
          null,
          1,
          null,
          null,
          null,
          null,
          1,
          1,
          1,
          null,
          1,
          1,
          1,
          1,
          1,
          null,
          191,
          2,
          2,
          null,
          1,
          1,
          1,
          1,
          1,
          null,
          null,
          null,
          1,
          2,
          2,
          null,
          null,
          1,
          null,
          97,
          null,
          null,
          null,
          null,
          null,
          1,
          2,
          1,
          null,
          null,
          null,
          null,
          1,
          null,
          null,
          1,
          null
        ]
      },
      "/home/moyukh/Kreeti/Rails/FinalRailsProject/task_management_system/app/models/notification.rb": {
        "lines": [
          null,
          null,
          null,
          1,
          1,
          null
        ]
      }
    },
    "timestamp": 1696313196
  }
}
